<?xml version="1.0" encoding="utf-8"?><testsuites name="pytest tests"><testsuite name="pytest" errors="0" failures="1" skipped="0" tests="22" time="8.186" timestamp="2026-02-10T13:02:21.760885+00:00" hostname="agent-env-477801f4-e7a6-4391-97e4-7b12e7fe9b50"><testcase classname="backend.tests.test_ghiras_api.TestHealthAndRoot" name="test_api_root" time="0.105" /><testcase classname="backend.tests.test_ghiras_api.TestAuthentication" name="test_login_success" time="0.350" /><testcase classname="backend.tests.test_ghiras_api.TestAuthentication" name="test_login_wrong_username" time="0.058" /><testcase classname="backend.tests.test_ghiras_api.TestAuthentication" name="test_login_wrong_password" time="0.345" /><testcase classname="backend.tests.test_ghiras_api.TestAuthentication" name="test_verify_valid_token" time="0.419" /><testcase classname="backend.tests.test_ghiras_api.TestAuthentication" name="test_verify_invalid_token" time="0.052"><failure message="assert 520 == 401&#10; +  where 520 = &lt;Response [520]&gt;.status_code">backend/tests/test_ghiras_api.py:83: in test_verify_invalid_token
    assert response.status_code == 401
E   assert 520 == 401
E    +  where 520 = &lt;Response [520]&gt;.status_code</failure></testcase><testcase classname="backend.tests.test_ghiras_api.TestAuthentication" name="test_protected_endpoint_without_token" time="0.059" /><testcase classname="backend.tests.test_ghiras_api.TestStudentsCRUD" name="test_get_students_public" time="0.140" /><testcase classname="backend.tests.test_ghiras_api.TestStudentsCRUD" name="test_create_student_and_verify" time="0.542" /><testcase classname="backend.tests.test_ghiras_api.TestStudentsCRUD" name="test_update_student" time="0.563" /><testcase classname="backend.tests.test_ghiras_api.TestStudentsCRUD" name="test_get_student_profile" time="0.494" /><testcase classname="backend.tests.test_ghiras_api.TestStudentsCRUD" name="test_delete_student" time="0.537" /><testcase classname="backend.tests.test_ghiras_api.TestPointsManagement" name="test_add_positive_points" time="0.499" /><testcase classname="backend.tests.test_ghiras_api.TestPointsManagement" name="test_subtract_points" time="0.926" /><testcase classname="backend.tests.test_ghiras_api.TestPointsManagement" name="test_mark_attendance" time="0.606" /><testcase classname="backend.tests.test_ghiras_api.TestChallenges" name="test_create_challenge" time="0.398" /><testcase classname="backend.tests.test_ghiras_api.TestChallenges" name="test_get_challenges" time="0.051" /><testcase classname="backend.tests.test_ghiras_api.TestChallenges" name="test_get_active_challenges" time="0.065" /><testcase classname="backend.tests.test_ghiras_api.TestChallenges" name="test_toggle_challenge" time="0.496" /><testcase classname="backend.tests.test_ghiras_api.TestChallenges" name="test_answer_challenge_correct" time="0.563" /><testcase classname="backend.tests.test_ghiras_api.TestChallenges" name="test_delete_challenge" time="0.460" /><testcase classname="backend.tests.test_ghiras_api.TestSupervisors" name="test_get_supervisors" time="0.049" /></testsuite></testsuites>